android/app/build/intermediates/manifest_merge_blame_file/debug/manifest-merger-blame-debug-report.txt
1<?xml version="1.0" encoding="utf-8"?>
2<manifest xmlns:android="http://schemas.android.com/apk/res/android"
3    package="com.skymiku_dapp"
4    android:versionCode="1"
5    android:versionName="1.0" >
6
7    <uses-sdk
8        android:minSdkVersion="21"
9        android:targetSdkVersion="33" />
10
11    <uses-permission android:name="android.permission.SYSTEM_ALERT_WINDOW" />
11-->src\debug\AndroidManifest.xml:5:5-77
11-->src\debug\AndroidManifest.xml:5:22-75
12    <uses-permission android:name="android.permission.INTERNET" />
12-->src\main\AndroidManifest.xml:3:5-67
12-->src\main\AndroidManifest.xml:3:22-64
13
14    <queries>
14-->src\main\AndroidManifest.xml:4:5-10:15
15        <package android:name="io.metamask" />
15-->src\main\AndroidManifest.xml:5:7-44
15-->src\main\AndroidManifest.xml:5:16-42
16        <package android:name="com.wallet.crypto.trustapp" />
16-->src\main\AndroidManifest.xml:6:7-59
16-->src\main\AndroidManifest.xml:6:16-57
17        <package android:name="io.gnosis.safe" />
17-->src\main\AndroidManifest.xml:7:7-47
17-->src\main\AndroidManifest.xml:7:16-45
18        <package android:name="me.rainbow" />
18-->src\main\AndroidManifest.xml:8:7-43
18-->src\main\AndroidManifest.xml:8:16-41
19        <!-- Add other wallet package names here -->
20    </queries>
21
22    <uses-permission android:name="android.permission.ACCESS_WIFI_STATE" />
22-->[com.facebook.flipper:flipper:0.182.0] AndroidManifest.xml:16:5-76
22-->[com.facebook.flipper:flipper:0.182.0] AndroidManifest.xml:16:22-73
23    <uses-permission android:name="android.permission.ACCESS_NETWORK_STATE" />
23-->[:react-native-community_netinfo] AndroidManifest.xml:7:5-79
23-->[:react-native-community_netinfo] AndroidManifest.xml:7:22-76
24
25    <application
25-->src\main\AndroidManifest.xml:11:5-30:19
26        android:name="com.skymiku_dapp.MainApplication"
26-->src\main\AndroidManifest.xml:12:7-38
27        android:allowBackup="false"
27-->src\main\AndroidManifest.xml:16:7-34
28        android:appComponentFactory="androidx.core.app.CoreComponentFactory"
28-->[androidx.core:core:1.8.0] AndroidManifest.xml:24:18-86
29        android:debuggable="true"
30        android:icon="@mipmap/ic_launcher"
30-->src\main\AndroidManifest.xml:14:7-41
31        android:label="@string/app_name"
31-->src\main\AndroidManifest.xml:13:7-39
32        android:roundIcon="@mipmap/ic_launcher_round"
32-->src\main\AndroidManifest.xml:15:7-52
33        android:theme="@style/AppTheme"
33-->src\main\AndroidManifest.xml:17:7-38
34        android:usesCleartextTraffic="true" >
34-->src\debug\AndroidManifest.xml:8:9-44
35        <activity
35-->src\debug\AndroidManifest.xml:11:9-111
36            android:name="com.facebook.react.devsupport.DevSettingsActivity"
36-->src\debug\AndroidManifest.xml:11:19-83
37            android:exported="false" />
37-->src\debug\AndroidManifest.xml:11:84-108
38        <activity
38-->src\main\AndroidManifest.xml:18:7-29:18
39            android:name="com.skymiku_dapp.MainActivity"
39-->src\main\AndroidManifest.xml:19:9-37
40            android:configChanges="keyboard|keyboardHidden|orientation|screenLayout|screenSize|smallestScreenSize|uiMode"
40-->src\main\AndroidManifest.xml:21:9-118
41            android:exported="true"
41-->src\main\AndroidManifest.xml:24:9-32
42            android:label="@string/app_name"
42-->src\main\AndroidManifest.xml:20:9-41
43            android:launchMode="singleTask"
43-->src\main\AndroidManifest.xml:22:9-40
44            android:windowSoftInputMode="adjustResize" >
44-->src\main\AndroidManifest.xml:23:9-51
45            <intent-filter>
45-->src\main\AndroidManifest.xml:25:9-28:25
46                <action android:name="android.intent.action.MAIN" />
46-->src\main\AndroidManifest.xml:26:13-65
46-->src\main\AndroidManifest.xml:26:21-62
47
48                <category android:name="android.intent.category.LAUNCHER" />
48-->src\main\AndroidManifest.xml:27:13-73
48-->src\main\AndroidManifest.xml:27:23-70
49            </intent-filter>
50        </activity>
51
52        <meta-data
52-->[com.facebook.soloader:soloader:0.10.5] AndroidManifest.xml:12:9-14:37
53            android:name="com.facebook.soloader.enabled"
53-->[com.facebook.soloader:soloader:0.10.5] AndroidManifest.xml:13:13-57
54            android:value="false" />
54-->[com.facebook.soloader:soloader:0.10.5] AndroidManifest.xml:14:13-34
55
56        <provider
56-->[androidx.emoji2:emoji2:1.2.0] AndroidManifest.xml:24:9-32:20
57            android:name="androidx.startup.InitializationProvider"
57-->[androidx.emoji2:emoji2:1.2.0] AndroidManifest.xml:25:13-67
58            android:authorities="com.skymiku_dapp.androidx-startup"
58-->[androidx.emoji2:emoji2:1.2.0] AndroidManifest.xml:26:13-68
59            android:exported="false" >
59-->[androidx.emoji2:emoji2:1.2.0] AndroidManifest.xml:27:13-37
60            <meta-data
60-->[androidx.emoji2:emoji2:1.2.0] AndroidManifest.xml:29:13-31:52
61                android:name="androidx.emoji2.text.EmojiCompatInitializer"
61-->[androidx.emoji2:emoji2:1.2.0] AndroidManifest.xml:30:17-75
62                android:value="androidx.startup" />
62-->[androidx.emoji2:emoji2:1.2.0] AndroidManifest.xml:31:17-49
63            <meta-data
63-->[androidx.lifecycle:lifecycle-process:2.4.1] AndroidManifest.xml:31:13-33:52
64                android:name="androidx.lifecycle.ProcessLifecycleInitializer"
64-->[androidx.lifecycle:lifecycle-process:2.4.1] AndroidManifest.xml:32:17-78
65                android:value="androidx.startup" />
65-->[androidx.lifecycle:lifecycle-process:2.4.1] AndroidManifest.xml:33:17-49
66        </provider>
67    </application>
68
69</manifest>